mkdir -p obj
mkdir -p build/deps
mkdir -p obj/cuda
mkdir -p build/deps/cuda
Compiling C++ source: src/BrainModuleArchitecture.cpp
Compiling C++ source: src/AutonomousLearningAgent.cpp
Compiling C++ source: src/CentralController.cpp
Compiling C++ source: src/ControllerModule.cpp
Compiling C++ source: src/DecisionAndActionSystems.cpp
g++ -std=c++17 -Iinclude -I/opt/cuda/include -O3 -g -fPIC -Wall -c src/AutonomousLearningAgent.cpp -o obj/AutonomousLearningAgent.o
Compiling C++ source: src/EnhancedLearningSystem.cpp
g++ -std=c++17 -Iinclude -I/opt/cuda/include -O3 -g -fPIC -Wall -c src/BrainModuleArchitecture.cpp -o obj/BrainModuleArchitecture.o
g++ -std=c++17 -Iinclude -I/opt/cuda/include -O3 -g -fPIC -Wall -c src/CentralController.cpp -o obj/CentralController.o
g++ -std=c++17 -Iinclude -I/opt/cuda/include -O3 -g -fPIC -Wall -c src/ControllerModule.cpp -o obj/ControllerModule.o
g++ -std=c++17 -Iinclude -I/opt/cuda/include -O3 -g -fPIC -Wall -c src/DecisionAndActionSystems.cpp -o obj/DecisionAndActionSystems.o
g++ -std=c++17 -Iinclude -I/opt/cuda/include -O3 -g -fPIC -Wall -c src/EnhancedLearningSystem.cpp -o obj/EnhancedLearningSystem.o
Compiling C++ source: src/EnhancedNeuralModule.cpp
Compiling C++ source: src/main_autonomous.cpp
g++ -std=c++17 -Iinclude -I/opt/cuda/include -O3 -g -fPIC -Wall -c src/EnhancedNeuralModule.cpp -o obj/EnhancedNeuralModule.o
g++ -std=c++17 -Iinclude -I/opt/cuda/include -O3 -g -fPIC -Wall -c src/main_autonomous.cpp -o obj/main_autonomous.o
src/EnhancedNeuralModule.cpp: In member function â€˜void EnhancedNeuralModule::updateDevelopmentalState(float)â€™:
src/EnhancedNeuralModule.cpp:406:11: warning: unused variable â€˜development_rateâ€™ [-Wunused-variable]
  406 |     float development_rate = 0.001f * avg_activity;
      |           ^~~~~~~~~~~~~~~~
src/ControllerModule.cpp: In member function â€˜float ControllerModule::get_concentration(NeuromodulatorType) constâ€™:
src/ControllerModule.cpp:440:28: error: â€˜struct NeuromodulatorStateâ€™ has no member named â€˜current_levelâ€™
  440 |         return it->second->current_level;
      |                            ^~~~~~~~~~~~~
src/ControllerModule.cpp: In member function â€˜void ControllerModule::emergency_stop()â€™:
src/ControllerModule.cpp:448:19: error: â€˜struct NeuromodulatorStateâ€™ has no member named â€˜current_levelâ€™
  448 |         neuromod->current_level = neuromod->baseline_level;
      |                   ^~~~~~~~~~~~~
src/ControllerModule.cpp: In member function â€˜float ControllerModule::calculate_overall_system_performance()â€™:
src/ControllerModule.cpp:514:59: warning: comparison of integer expressions of different signedness: â€˜intâ€™ and â€˜std::vector<RewardSignal>::size_typeâ€™ {aka â€˜long unsigned intâ€™} [-Wsign-compare]
  514 |     for (int i = reward_history_.size() - recent_count; i < reward_history_.size(); ++i) {
      |                                                         ~~^~~~~~~~~~~~~~~~~~~~~~~~
src/ControllerModule.cpp: In member function â€˜void ControllerModule::update_neuromodulator_dynamics(float)â€™:
src/ControllerModule.cpp:538:35: error: â€˜struct NeuromodulatorStateâ€™ has no member named â€˜current_levelâ€™
  538 |         float current = neuromod->current_level;
      |                                   ^~~~~~~~~~~~~
src/ControllerModule.cpp:540:19: error: â€˜struct NeuromodulatorStateâ€™ has no member named â€˜current_levelâ€™
  540 |         neuromod->current_level = current + (target - current) * decay_rate * dt;
      |                   ^~~~~~~~~~~~~
src/ControllerModule.cpp:541:19: error: â€˜struct NeuromodulatorStateâ€™ has no member named â€˜current_levelâ€™
  541 |         neuromod->current_level = std::clamp(neuromod->current_level, 0.0f, 1.0f);
      |                   ^~~~~~~~~~~~~
src/ControllerModule.cpp:541:56: error: â€˜struct NeuromodulatorStateâ€™ has no member named â€˜current_levelâ€™
  541 |         neuromod->current_level = std::clamp(neuromod->current_level, 0.0f, 1.0f);
      |                                                        ^~~~~~~~~~~~~
src/ControllerModule.cpp: In member function â€˜void ControllerModule::assess_system_state()â€™:
src/ControllerModule.cpp:558:55: error: â€˜calculate_learning_efficiencyâ€™ was not declared in this scope; did you mean â€˜calculate_learning_opportunityâ€™?
  558 |     system_performance_metrics_.learning_efficiency = calculate_learning_efficiency();
      |                                                       ^~~~~~~~~~~~~~~~~~~~~~~~~~~~~
      |                                                       calculate_learning_opportunity
src/ControllerModule.cpp: At global scope:
src/ControllerModule.cpp:581:7: error: no declaration matches â€˜float ControllerModule::calculate_learning_efficiency()â€™
  581 | float ControllerModule::calculate_learning_efficiency() {
      |       ^~~~~~~~~~~~~~~~
src/ControllerModule.cpp:581:7: note: no functions named â€˜float ControllerModule::calculate_learning_efficiency()â€™
In file included from src/ControllerModule.cpp:6:
include/NeuroGen/ControllerModule.h:128:7: note: â€˜class ControllerModuleâ€™ defined here
  128 | class ControllerModule {
      |       ^~~~~~~~~~~~~~~~
src/DecisionAndActionSystems.cpp: In member function â€˜std::vector<float> AutonomousLearningAgent::evaluate_action_candidates(const std::vector<BrowsingAction>&, const std::vector<MemorySystem::MemoryTrace>&)â€™:
src/DecisionAndActionSystems.cpp:509:51: warning: comparison of integer expressions of different signedness: â€˜intâ€™ and â€˜std::vector<float>::size_typeâ€™ {aka â€˜long unsigned intâ€™} [-Wsign-compare]
  509 |                 if (static_cast<int>(action.type) < episode.action_vector.size()) {
      |                     ~~~~~~~~~~~~~~~~~~~~~~~~~~~~~~^~~~~~~~~~~~~~~~~~~~~~~~~~~~~~
src/CentralController.cpp: In member function â€˜void CentralController::process_screen_elements()â€™:
src/CentralController.cpp:192:16: error: â€˜struct RewardSignalâ€™ has no member named â€˜typeâ€™
  192 |         signal.type = RewardSignalType::NOVELTY_DETECTION;
      |                ^~~~
In file included from src/main_autonomous.cpp:18:
include/NeuroGen/NetworkIntegration.h: In constructor â€˜EnhancedNetworkManager::EnhancedNetworkManager(const NetworkConfig&)â€™:
include/NeuroGen/NetworkIntegration.h:69:43: error: â€˜class Networkâ€™ has no member named â€˜getNumSynapsesâ€™; did you mean â€˜get_synapseâ€™?
   69 |         int num_synapses = base_network_->getNumSynapses();
      |                                           ^~~~~~~~~~~~~~
      |                                           get_synapse
include/NeuroGen/NetworkIntegration.h:70:42: error: â€˜class Networkâ€™ has no member named â€˜getNumNeuronsâ€™; did you mean â€˜get_neuronâ€™?
   70 |         int num_neurons = base_network_->getNumNeurons();
      |                                          ^~~~~~~~~~~~~
      |                                          get_neuron
include/NeuroGen/NetworkIntegration.h:76:9: error: â€˜memsetâ€™ was not declared in this scope
   76 |         memset(&metrics_, 0, sizeof(PerformanceMetrics));
      |         ^~~~~~
include/NeuroGen/NetworkIntegration.h:8:1: note: â€˜memsetâ€™ is defined in header â€˜<cstring>â€™; this is probably fixable by adding â€˜#include <cstring>â€™
    7 | #include <NeuroGen/EnhancedLearningSystem.h>
  +++ |+#include <cstring>
    8 | #include <NeuroGen/LearningRuleConstants.h>
include/NeuroGen/NetworkIntegration.h: In member function â€˜void EnhancedNetworkManager::simulateStep(float, float)â€™:
include/NeuroGen/NetworkIntegration.h:95:30: error: no matching function for call to â€˜Network::update(float&)â€™
   95 |         base_network_->update(dt);
      |         ~~~~~~~~~~~~~~~~~~~~~^~~~
In file included from include/NeuroGen/NeuralModule.h:10,
                 from include/NeuroGen/TaskAutomationModules.h:4,
                 from src/main_autonomous.cpp:14:
include/NeuroGen/Network.h:93:10: note: candidate: â€˜void Network::update(float, const std::vector<float>&, float)â€™
   93 |     void update(float dt, const std::vector<float>& input_currents, float reward = 0.0f);
      |          ^~~~~~
include/NeuroGen/Network.h:93:10: note:   candidate expects 3 arguments, 1 provided
include/NeuroGen/NetworkIntegration.h:111:51: error: â€˜class Networkâ€™ has no member named â€˜getGPUSynapsesâ€™; did you mean â€˜get_synapseâ€™?
  111 |             GPUSynapse* synapses = base_network_->getGPUSynapses();
      |                                                   ^~~~~~~~~~~~~~
      |                                                   get_synapse
include/NeuroGen/NetworkIntegration.h:112:54: error: â€˜class Networkâ€™ has no member named â€˜getGPUNeuronsâ€™; did you mean â€˜get_neuronâ€™?
  112 |             GPUNeuronState* neurons = base_network_->getGPUNeurons();
      |                                                      ^~~~~~~~~~~~~
      |                                                      get_neuron
include/NeuroGen/NetworkIntegration.h:113:49: error: â€˜class Networkâ€™ has no member named â€˜getCurrentTimeâ€™
  113 |             float current_time = base_network_->getCurrentTime();
      |                                                 ^~~~~~~~~~~~~~
include/NeuroGen/NetworkIntegration.h: In member function â€˜void EnhancedNetworkManager::setInputs(const std::vector<double>&)â€™:
include/NeuroGen/NetworkIntegration.h:146:24: error: â€˜class Networkâ€™ has no member named â€˜setInputValuesâ€™
  146 |         base_network_->setInputValues(inputs);
      |                        ^~~~~~~~~~~~~~
include/NeuroGen/NetworkIntegration.h: In member function â€˜std::vector<double> EnhancedNetworkManager::getOutputs() constâ€™:
include/NeuroGen/NetworkIntegration.h:153:31: error: â€˜class Networkâ€™ has no member named â€˜getOutputValuesâ€™
  153 |         return base_network_->getOutputValues();
      |                               ^~~~~~~~~~~~~~~
include/NeuroGen/NetworkIntegration.h: In member function â€˜void EnhancedNetworkManager::resetEpisode()â€™:
include/NeuroGen/NetworkIntegration.h:182:24: error: â€˜class Networkâ€™ has no member named â€˜resetDynamicsâ€™
  182 |         base_network_->resetDynamics();
      |                        ^~~~~~~~~~~~~
include/NeuroGen/NetworkIntegration.h: In member function â€˜EnhancedNetworkManager::NetworkStatistics EnhancedNetworkManager::getStatistics() constâ€™:
include/NeuroGen/NetworkIntegration.h:237:45: error: â€˜class Networkâ€™ has no member named â€˜getTotalSpikesâ€™
  237 |         stats.total_spikes = base_network_->getTotalSpikes();
      |                                             ^~~~~~~~~~~~~~
include/NeuroGen/NetworkIntegration.h: In member function â€˜bool EnhancedNetworkManager::saveNetworkState(const std::string&) constâ€™:
include/NeuroGen/NetworkIntegration.h:255:28: error: â€˜class Networkâ€™ has no member named â€˜saveToFileâ€™
  255 |             base_network_->saveToFile(filename + "_network.dat");
      |                            ^~~~~~~~~~
include/NeuroGen/NetworkIntegration.h: In member function â€˜bool EnhancedNetworkManager::loadNetworkState(const std::string&)â€™:
include/NeuroGen/NetworkIntegration.h:288:33: error: â€˜class Networkâ€™ has no member named â€˜loadFromFileâ€™
  288 |             if (!base_network_->loadFromFile(filename + "_network.dat")) {
      |                                 ^~~~~~~~~~~~
include/NeuroGen/NetworkIntegration.h: In member function â€˜float EnhancedNetworkManager::processRewardSignal(float)â€™:
include/NeuroGen/NetworkIntegration.h:373:67: warning: comparison of integer expressions of different signedness: â€˜intâ€™ and â€˜std::vector<float>::size_typeâ€™ {aka â€˜long unsigned intâ€™} [-Wsign-compare]
  373 |             for (int i = reward_history_.size() - recent_count; i < reward_history_.size(); i++) {
      |                                                                 ~~^~~~~~~~~~~~~~~~~~~~~~~~
include/NeuroGen/NetworkIntegration.h: In member function â€˜void EnhancedNetworkManager::updateNetworkMonitoring()â€™:
include/NeuroGen/NetworkIntegration.h:390:49: error: â€˜class Networkâ€™ has no member named â€˜getAverageActivityâ€™
  390 |         float current_activity = base_network_->getAverageActivity();
      |                                                 ^~~~~~~~~~~~~~~~~~
include/NeuroGen/NetworkIntegration.h: In member function â€˜float EnhancedNetworkManager::calculateLearningProgress() constâ€™:
include/NeuroGen/NetworkIntegration.h:458:36: warning: comparison of integer expressions of different signedness: â€˜intâ€™ and â€˜std::vector<float>::size_typeâ€™ {aka â€˜long unsigned intâ€™} [-Wsign-compare]
  458 |         for (int i = half_point; i < weight_change_history_.size(); i++) {
      |                                  ~~^~~~~~~~~~~~~~~~~~~~~~~~~~~~~~~
include/NeuroGen/NetworkIntegration.h: In member function â€˜float EnhancedNetworkManager::calculateWeightStability() constâ€™:
include/NeuroGen/NetworkIntegration.h:481:16: warning: comparison of integer expressions of different signedness: â€˜intâ€™ and â€˜std::vector<float>::size_typeâ€™ {aka â€˜long unsigned intâ€™} [-Wsign-compare]
  481 |              i < weight_change_history_.size(); i++) {
      |              ~~^~~~~~~~~~~~~~~~~~~~~~~~~~~~~~~
include/NeuroGen/NetworkIntegration.h:488:16: warning: comparison of integer expressions of different signedness: â€˜intâ€™ and â€˜std::vector<float>::size_typeâ€™ {aka â€˜long unsigned intâ€™} [-Wsign-compare]
  488 |              i < weight_change_history_.size(); i++) {
      |              ~~^~~~~~~~~~~~~~~~~~~~~~~~~~~~~~~
src/main_autonomous.cpp: In function â€˜void runBasicModularSimulation()â€™:
src/main_autonomous.cpp:91:23: error: â€˜struct ControllerConfigâ€™ has no member named â€˜curiosity_drive_strengthâ€™
   91 |     controller_config.curiosity_drive_strength = 0.4f;  // Strong exploration drive
      |                       ^~~~~~~~~~~~~~~~~~~~~~~~
src/main_autonomous.cpp:92:23: error: â€˜struct ControllerConfigâ€™ has no member named â€˜enable_adaptive_baselinesâ€™
   92 |     controller_config.enable_adaptive_baselines = true;
      |                       ^~~~~~~~~~~~~~~~~~~~~~~~~
src/main_autonomous.cpp:93:23: error: â€˜struct ControllerConfigâ€™ has no member named â€˜enable_stress_responseâ€™
   93 |     controller_config.enable_stress_response = true;
      |                       ^~~~~~~~~~~~~~~~~~~~~~
make: *** [Makefile:72: obj/ControllerModule.o] Error 1
make: *** Waiting for unfinished jobs....
src/main_autonomous.cpp:167:28: error: â€˜struct RewardSignalâ€™ has no member named â€˜typeâ€™
  167 |             novelty_signal.type = RewardSignalType::NOVELTY_DETECTION;
      |                            ^~~~
src/main_autonomous.cpp:169:28: error: â€˜struct RewardSignalâ€™ has no member named â€˜confidenceâ€™
  169 |             novelty_signal.confidence = 0.8f;
      |                            ^~~~~~~~~~
src/main_autonomous.cpp:171:28: error: â€˜struct RewardSignalâ€™ has no member named â€˜target_moduleâ€™
  171 |             novelty_signal.target_module = "PerceptionNet";
      |                            ^~~~~~~~~~~~~
src/main_autonomous.cpp:172:31: error: â€˜class ControllerModuleâ€™ has no member named â€˜process_reward_signalâ€™
  172 |             neuro_controller->process_reward_signal(novelty_signal);
      |                               ^~~~~~~~~~~~~~~~~~~~~
src/main_autonomous.cpp:200:25: error: â€˜struct RewardSignalâ€™ has no member named â€˜typeâ€™
  200 |             coop_signal.type = RewardSignalType::SOCIAL_COOPERATION;
      |                         ^~~~
src/main_autonomous.cpp:202:25: error: â€˜struct RewardSignalâ€™ has no member named â€˜confidenceâ€™
  202 |             coop_signal.confidence = 0.9f;
      |                         ^~~~~~~~~~
src/main_autonomous.cpp:204:25: error: â€˜struct RewardSignalâ€™ has no member named â€˜target_moduleâ€™
  204 |             coop_signal.target_module = ""; // All modules
      |                         ^~~~~~~~~~~~~
src/main_autonomous.cpp:205:31: error: â€˜class ControllerModuleâ€™ has no member named â€˜process_reward_signalâ€™
  205 |             neuro_controller->process_reward_signal(coop_signal);
      |                               ^~~~~~~~~~~~~~~~~~~~~
src/main_autonomous.cpp:231:35: error: â€˜class ControllerModuleâ€™ has no member named â€˜allocate_attentionâ€™
  231 |                 neuro_controller->allocate_attention(attention_weights);
      |                                   ^~~~~~~~~~~~~~~~~~
src/main_autonomous.cpp:250:53: error: â€˜class ControllerModuleâ€™ has no member named â€˜calculate_module_performanceâ€™; did you mean â€˜calculate_overall_system_performanceâ€™?
  250 |                 float perc_perf = neuro_controller->calculate_module_performance("PerceptionNet");
      |                                                     ^~~~~~~~~~~~~~~~~~~~~~~~~~~~
      |                                                     calculate_overall_system_performance
src/main_autonomous.cpp:251:53: error: â€˜class ControllerModuleâ€™ has no member named â€˜calculate_module_performanceâ€™; did you mean â€˜calculate_overall_system_performanceâ€™?
  251 |                 float plan_perf = neuro_controller->calculate_module_performance("PlanningNet");
      |                                                     ^~~~~~~~~~~~~~~~~~~~~~~~~~~~
      |                                                     calculate_overall_system_performance
src/main_autonomous.cpp:252:54: error: â€˜class ControllerModuleâ€™ has no member named â€˜calculate_module_performanceâ€™; did you mean â€˜calculate_overall_system_performanceâ€™?
  252 |                 float motor_perf = neuro_controller->calculate_module_performance("MotorControlNet");
      |                                                      ^~~~~~~~~~~~~~~~~~~~~~~~~~~~
      |                                                      calculate_overall_system_performance
src/main_autonomous.cpp:295:53: error: â€˜class ControllerModuleâ€™ has no member named â€˜get_all_concentrationsâ€™; did you mean â€˜get_concentrationâ€™?
  295 |             auto concentrations = neuro_controller->get_all_concentrations();
      |                                                     ^~~~~~~~~~~~~~~~~~~~~~
      |                                                     get_concentration
src/main_autonomous.cpp:296:67: error: â€˜setprecisionâ€™ is not a member of â€˜stdâ€™
  296 |             std::cout << "   ðŸ§¬ Dopamine: " << std::fixed << std::setprecision(2)
      |                                                                   ^~~~~~~~~~~~
src/main_autonomous.cpp:19:1: note: â€˜std::setprecisionâ€™ is defined in header â€˜<iomanip>â€™; this is probably fixable by adding â€˜#include <iomanip>â€™
   18 | #include "NeuroGen/NetworkIntegration.h"
  +++ |+#include <iomanip>
   19 | #include "NeuroGen/ControllerModule.h"
src/main_autonomous.cpp:303:63: error: â€˜setprecisionâ€™ is not a member of â€˜stdâ€™
  303 |             std::cout << "   ðŸ“ˆ System Performance: " << std::setprecision(1) << system_perf * 100 << "%" << std::endl;
      |                                                               ^~~~~~~~~~~~
src/main_autonomous.cpp:303:63: note: â€˜std::setprecisionâ€™ is defined in header â€˜<iomanip>â€™; this is probably fixable by adding â€˜#include <iomanip>â€™
src/main_autonomous.cpp: In function â€˜void runAutonomousLearningSimulation()â€™:
src/main_autonomous.cpp:324:5: error: â€˜AutonomousAgentConfigâ€™ was not declared in this scope
  324 |     AutonomousAgentConfig agent_config;
      |     ^~~~~~~~~~~~~~~~~~~~~
src/main_autonomous.cpp:325:5: error: â€˜agent_configâ€™ was not declared in this scope
  325 |     agent_config.initial_neuron_count = 512;        // Start with more neurons
      |     ^~~~~~~~~~~~
src/main_autonomous.cpp:439:32: error: cannot convert â€˜runAutonomousLearningSimulation()::<lambda()>â€™ to â€˜std::function<BrowsingState()>â€™
  439 |     agent.setEnvironmentSensor(environment_sensor);
      |                                ^~~~~~~~~~~~~~~~~~
      |                                |
      |                                runAutonomousLearningSimulation()::<lambda()>
In file included from src/main_autonomous.cpp:17:
include/NeuroGen/AutonomousLearningAgent.h:341:62: note:   initializing argument 1 of â€˜void AutonomousLearningAgent::setEnvironmentSensor(std::function<BrowsingState()>)â€™
  341 |     void setEnvironmentSensor(std::function<BrowsingState()> sensor) {
      |                               ~~~~~~~~~~~~~~~~~~~~~~~~~~~~~~~^~~~~~
src/main_autonomous.cpp:440:11: error: â€˜class AutonomousLearningAgentâ€™ has no member named â€˜setEnvironmentActuatorâ€™; did you mean â€˜setEnvironmentSensorâ€™?
  440 |     agent.setEnvironmentActuator(environment_actuator);
      |           ^~~~~~~~~~~~~~~~~~~~~~
      |           setEnvironmentSensor
src/main_autonomous.cpp:441:11: error: â€˜class AutonomousLearningAgentâ€™ has no member named â€˜setEnvironmentRewardSignalâ€™
  441 |     agent.setEnvironmentRewardSignal(environment_reward_signal);
      |           ^~~~~~~~~~~~~~~~~~~~~~~~~~
src/main_autonomous.cpp:454:22: error: â€˜struct AutonomousGoalâ€™ has no member named â€˜target_competenceâ€™
  454 |     adaptation_goal->target_competence = 0.8f;
      |                      ^~~~~~~~~~~~~~~~~
src/main_autonomous.cpp:456:22: error: â€˜struct AutonomousGoalâ€™ has no member named â€˜evaluation_fnâ€™
  456 |     adaptation_goal->evaluation_fn = [&environment_complexity](const std::vector<float>& state) {
      |                      ^~~~~~~~~~~~~
src/main_autonomous.cpp:464:21: error: â€˜struct AutonomousGoalâ€™ has no member named â€˜target_competenceâ€™
  464 |     diversity_goal->target_competence = 0.7f;
      |                     ^~~~~~~~~~~~~~~~~
src/main_autonomous.cpp:466:21: error: â€˜struct AutonomousGoalâ€™ has no member named â€˜evaluation_fnâ€™
  466 |     diversity_goal->evaluation_fn = [](const std::vector<float>& state) {
      |                     ^~~~~~~~~~~~~
src/main_autonomous.cpp:478:22: error: â€˜struct AutonomousGoalâ€™ has no member named â€˜target_competenceâ€™
  478 |     prediction_goal->target_competence = 0.85f;
      |                      ^~~~~~~~~~~~~~~~~
src/main_autonomous.cpp:480:22: error: â€˜struct AutonomousGoalâ€™ has no member named â€˜evaluation_fnâ€™
  480 |     prediction_goal->evaluation_fn = [](const std::vector<float>& state) {
      |                      ^~~~~~~~~~~~~
src/main_autonomous.cpp:516:34: error: â€˜class AutonomousLearningAgentâ€™ has no member named â€˜getPerformanceMetricsâ€™
  516 |             auto metrics = agent.getPerformanceMetrics();
      |                                  ^~~~~~~~~~~~~~~~~~~~~
src/main_autonomous.cpp:517:40: error: â€˜class AutonomousLearningAgentâ€™ has no member named â€˜getNetworkStatisticsâ€™
  517 |             auto network_stats = agent.getNetworkStatistics();
      |                                        ^~~~~~~~~~~~~~~~~~~~
src/main_autonomous.cpp:518:39: error: â€˜class AutonomousLearningAgentâ€™ has no member named â€˜getGoalCompetenciesâ€™
  518 |             auto competencies = agent.getGoalCompetencies();
      |                                       ^~~~~~~~~~~~~~~~~~~
src/main_autonomous.cpp:523:69: error: â€˜setprecisionâ€™ is not a member of â€˜stdâ€™
  523 |             std::cout << "   ðŸ“Š Avg Reward: " << std::fixed << std::setprecision(3)
      |                                                                     ^~~~~~~~~~~~
src/main_autonomous.cpp:523:69: note: â€˜std::setprecisionâ€™ is defined in header â€˜<iomanip>â€™; this is probably fixable by adding â€˜#include <iomanip>â€™
src/main_autonomous.cpp:525:57: error: â€˜class AutonomousLearningAgentâ€™ has no member named â€˜getExplorationEffectivenessâ€™
  525 |             std::cout << "   ðŸ” Exploration: " << agent.getExplorationEffectiveness() << std::endl;
      |                                                         ^~~~~~~~~~~~~~~~~~~~~~~~~~~
src/main_autonomous.cpp:531:35: error: â€˜setprecisionâ€™ is not a member of â€˜stdâ€™
  531 |                           << std::setprecision(2) << comp.second * 100 << "%" << std::endl;
      |                                   ^~~~~~~~~~~~
src/main_autonomous.cpp:531:35: note: â€˜std::setprecisionâ€™ is defined in header â€˜<iomanip>â€™; this is probably fixable by adding â€˜#include <iomanip>â€™
src/main_autonomous.cpp:566:38: error: â€˜class AutonomousLearningAgentâ€™ has no member named â€˜generateLearningReportâ€™
  566 |     std::string final_report = agent.generateLearningReport();
      |                                      ^~~~~~~~~~~~~~~~~~~~~~
src/main_autonomous.cpp:570:32: error: â€˜class AutonomousLearningAgentâ€™ has no member named â€˜getPerformanceMetricsâ€™
  570 |     auto final_metrics = agent.getPerformanceMetrics();
      |                                ^~~~~~~~~~~~~~~~~~~~~
src/main_autonomous.cpp:571:38: error: â€˜class AutonomousLearningAgentâ€™ has no member named â€˜getNetworkStatisticsâ€™
  571 |     auto final_network_stats = agent.getNetworkStatistics();
      |                                      ^~~~~~~~~~~~~~~~~~~~
src/main_autonomous.cpp:572:37: error: â€˜class AutonomousLearningAgentâ€™ has no member named â€˜getGoalCompetenciesâ€™
  572 |     auto final_competencies = agent.getGoalCompetencies();
      |                                     ^~~~~~~~~~~~~~~~~~~
src/main_autonomous.cpp:574:64: error: â€˜setprecisionâ€™ is not a member of â€˜stdâ€™
  574 |     std::cout << "â±ï¸ Learning Duration: " << std::fixed << std::setprecision(1)
      |                                                                ^~~~~~~~~~~~
src/main_autonomous.cpp:574:64: note: â€˜std::setprecisionâ€™ is defined in header â€˜<iomanip>â€™; this is probably fixable by adding â€˜#include <iomanip>â€™
make: *** [Makefile:72: obj/CentralController.o] Error 1
make: *** [Makefile:72: obj/main_autonomous.o] Error 1
